<?xml version="1.0" encoding="UTF-8" ?>
<testsuite tests="18" failures="0" name="com.softserveinc.edu.oms.persistence.dao.ProductDaoTest" time="2.144" errors="0" skipped="0">
  <properties>
    <property name="java.runtime.name" value="OpenJDK Runtime Environment"/>
    <property name="sun.boot.library.path" value="/usr/lib/jvm/java-8-openjdk-amd64/jre/lib/amd64"/>
    <property name="java.vm.version" value="25.212-b03"/>
    <property name="java.vm.vendor" value="Oracle Corporation"/>
    <property name="maven.multiModuleProjectDirectory" value="/home/rmnk/git/oms"/>
    <property name="java.vendor.url" value="http://java.oracle.com/"/>
    <property name="path.separator" value=":"/>
    <property name="guice.disable.misplaced.annotation.check" value="true"/>
    <property name="java.vm.name" value="OpenJDK 64-Bit Server VM"/>
    <property name="file.encoding.pkg" value="sun.io"/>
    <property name="user.country" value="US"/>
    <property name="sun.java.launcher" value="SUN_STANDARD"/>
    <property name="sun.os.patch.level" value="unknown"/>
    <property name="java.vm.specification.name" value="Java Virtual Machine Specification"/>
    <property name="user.dir" value="/home/rmnk/git/oms"/>
    <property name="java.runtime.version" value="1.8.0_212-8u212-b03-0ubuntu1.19.04.2-b03"/>
    <property name="java.awt.graphicsenv" value="sun.awt.X11GraphicsEnvironment"/>
    <property name="java.endorsed.dirs" value="/usr/lib/jvm/java-8-openjdk-amd64/jre/lib/endorsed"/>
    <property name="os.arch" value="amd64"/>
    <property name="java.io.tmpdir" value="/tmp"/>
    <property name="line.separator" value="
"/>
    <property name="java.vm.specification.vendor" value="Oracle Corporation"/>
    <property name="os.name" value="Linux"/>
    <property name="classworlds.conf" value="/home/rmnk/Downloads/idea-IU-191.7479.19/plugins/maven/lib/maven3/bin/m2.conf"/>
    <property name="sun.jnu.encoding" value="UTF-8"/>
    <property name="java.library.path" value="/usr/java/packages/lib/amd64:/usr/lib/x86_64-linux-gnu/jni:/lib/x86_64-linux-gnu:/usr/lib/x86_64-linux-gnu:/usr/lib/jni:/lib:/usr/lib"/>
    <property name="java.specification.name" value="Java Platform API Specification"/>
    <property name="java.class.version" value="52.0"/>
    <property name="sun.management.compiler" value="HotSpot 64-Bit Tiered Compilers"/>
    <property name="os.version" value="5.0.0-20-generic"/>
    <property name="user.home" value="/home/rmnk"/>
    <property name="user.timezone" value="Europe/Kiev"/>
    <property name="java.awt.printerjob" value="sun.print.PSPrinterJob"/>
    <property name="file.encoding" value="UTF-8"/>
    <property name="java.specification.version" value="1.8"/>
    <property name="user.name" value="rmnk"/>
    <property name="java.class.path" value="/home/rmnk/Downloads/idea-IU-191.7479.19/plugins/maven/lib/maven3/boot/plexus-classworlds-2.5.2.jar:/home/rmnk/Downloads/idea-IU-191.7479.19/lib/idea_rt.jar"/>
    <property name="java.vm.specification.version" value="1.8"/>
    <property name="sun.arch.data.model" value="64"/>
    <property name="java.home" value="/usr/lib/jvm/java-8-openjdk-amd64/jre"/>
    <property name="sun.java.command" value="org.codehaus.classworlds.Launcher -Didea.version2019.1.3 clean install"/>
    <property name="java.specification.vendor" value="Oracle Corporation"/>
    <property name="user.language" value="en"/>
    <property name="awt.toolkit" value="sun.awt.X11.XToolkit"/>
    <property name="idea.version2019.1.3" value="true"/>
    <property name="java.vm.info" value="mixed mode"/>
    <property name="java.version" value="1.8.0_212"/>
    <property name="java.ext.dirs" value="/usr/lib/jvm/java-8-openjdk-amd64/jre/lib/ext:/usr/java/packages/lib/ext"/>
    <property name="securerandom.source" value="file:/dev/./urandom"/>
    <property name="sun.boot.class.path" value="/usr/lib/jvm/java-8-openjdk-amd64/jre/lib/resources.jar:/usr/lib/jvm/java-8-openjdk-amd64/jre/lib/rt.jar:/usr/lib/jvm/java-8-openjdk-amd64/jre/lib/sunrsasign.jar:/usr/lib/jvm/java-8-openjdk-amd64/jre/lib/jsse.jar:/usr/lib/jvm/java-8-openjdk-amd64/jre/lib/jce.jar:/usr/lib/jvm/java-8-openjdk-amd64/jre/lib/charsets.jar:/usr/lib/jvm/java-8-openjdk-amd64/jre/lib/jfr.jar:/usr/lib/jvm/java-8-openjdk-amd64/jre/classes"/>
    <property name="java.vendor" value="Oracle Corporation"/>
    <property name="maven.home" value="/home/rmnk/Downloads/idea-IU-191.7479.19/plugins/maven/lib/maven3"/>
    <property name="file.separator" value="/"/>
    <property name="java.vendor.url.bug" value="http://bugreport.sun.com/bugreport/"/>
    <property name="sun.cpu.endian" value="little"/>
    <property name="sun.io.unicode.encoding" value="UnicodeLittle"/>
    <property name="sun.desktop" value="gnome"/>
    <property name="sun.cpu.isalist" value=""/>
  </properties>
  <testcase classname="com.softserveinc.edu.oms.persistence.dao.ProductDaoTest" name="testGetRowCount" time="0.159"/>
  <testcase classname="com.softserveinc.edu.oms.persistence.dao.ProductDaoTest" name="testfindByNameSorting" time="0.108"/>
  <testcase classname="com.softserveinc.edu.oms.persistence.dao.ProductDaoTest" name="testfindByPriceFromToSorting" time="0.091"/>
  <testcase classname="com.softserveinc.edu.oms.persistence.dao.ProductDaoTest" name="testfindByID" time="0.091"/>
  <testcase classname="com.softserveinc.edu.oms.persistence.dao.ProductDaoTest" name="testnumberOfProductByName" time="0.124"/>
  <testcase classname="com.softserveinc.edu.oms.persistence.dao.ProductDaoTest" name="testfindByDescription" time="0.184"/>
  <testcase classname="com.softserveinc.edu.oms.persistence.dao.ProductDaoTest" name="testcontainsProductByDescription" time="0.149"/>
  <testcase classname="com.softserveinc.edu.oms.persistence.dao.ProductDaoTest" name="testnumberOfProductByDescription" time="0.098"/>
  <testcase classname="com.softserveinc.edu.oms.persistence.dao.ProductDaoTest" name="testfindByPriceFromTo" time="0.09"/>
  <testcase classname="com.softserveinc.edu.oms.persistence.dao.ProductDaoTest" name="testFindByCriterions" time="0.159"/>
  <testcase classname="com.softserveinc.edu.oms.persistence.dao.ProductDaoTest" name="testDelete" time="0.082"/>
  <testcase classname="com.softserveinc.edu.oms.persistence.dao.ProductDaoTest" name="testfindByPrice" time="0.082"/>
  <testcase classname="com.softserveinc.edu.oms.persistence.dao.ProductDaoTest" name="testfindByName" time="0.214"/>
  <testcase classname="com.softserveinc.edu.oms.persistence.dao.ProductDaoTest" name="testFindByOneOfCriterions" time="0.103"/>
  <testcase classname="com.softserveinc.edu.oms.persistence.dao.ProductDaoTest" name="testInsertOrUpdate" time="0.092"/>
  <testcase classname="com.softserveinc.edu.oms.persistence.dao.ProductDaoTest" name="testfindByDescriptionSorting" time="0.107"/>
  <testcase classname="com.softserveinc.edu.oms.persistence.dao.ProductDaoTest" name="testcontainsProductByName" time="0.13"/>
  <testcase classname="com.softserveinc.edu.oms.persistence.dao.ProductDaoTest" name="testContextFile" time="0.081"/>
</testsuite>