<?xml version="1.0" encoding="UTF-8" ?>
<testsuite tests="35" failures="0" name="com.softserveinc.edu.oms.persistence.dao.UserDaoTest" time="13.92" errors="0" skipped="0">
  <properties>
    <property name="java.runtime.name" value="OpenJDK Runtime Environment"/>
    <property name="sun.boot.library.path" value="/usr/lib/jvm/java-8-openjdk-amd64/jre/lib/amd64"/>
    <property name="java.vm.version" value="25.212-b03"/>
    <property name="java.vm.vendor" value="Oracle Corporation"/>
    <property name="maven.multiModuleProjectDirectory" value="/home/rmnk/git/oms"/>
    <property name="java.vendor.url" value="http://java.oracle.com/"/>
    <property name="path.separator" value=":"/>
    <property name="guice.disable.misplaced.annotation.check" value="true"/>
    <property name="java.vm.name" value="OpenJDK 64-Bit Server VM"/>
    <property name="file.encoding.pkg" value="sun.io"/>
    <property name="user.country" value="US"/>
    <property name="sun.java.launcher" value="SUN_STANDARD"/>
    <property name="sun.os.patch.level" value="unknown"/>
    <property name="java.vm.specification.name" value="Java Virtual Machine Specification"/>
    <property name="user.dir" value="/home/rmnk/git/oms"/>
    <property name="java.runtime.version" value="1.8.0_212-8u212-b03-0ubuntu1.19.04.2-b03"/>
    <property name="java.awt.graphicsenv" value="sun.awt.X11GraphicsEnvironment"/>
    <property name="java.endorsed.dirs" value="/usr/lib/jvm/java-8-openjdk-amd64/jre/lib/endorsed"/>
    <property name="os.arch" value="amd64"/>
    <property name="java.io.tmpdir" value="/tmp"/>
    <property name="line.separator" value="
"/>
    <property name="java.vm.specification.vendor" value="Oracle Corporation"/>
    <property name="os.name" value="Linux"/>
    <property name="classworlds.conf" value="/home/rmnk/Downloads/idea-IU-191.7479.19/plugins/maven/lib/maven3/bin/m2.conf"/>
    <property name="sun.jnu.encoding" value="UTF-8"/>
    <property name="java.library.path" value="/usr/java/packages/lib/amd64:/usr/lib/x86_64-linux-gnu/jni:/lib/x86_64-linux-gnu:/usr/lib/x86_64-linux-gnu:/usr/lib/jni:/lib:/usr/lib"/>
    <property name="java.specification.name" value="Java Platform API Specification"/>
    <property name="java.class.version" value="52.0"/>
    <property name="sun.management.compiler" value="HotSpot 64-Bit Tiered Compilers"/>
    <property name="os.version" value="5.0.0-20-generic"/>
    <property name="user.home" value="/home/rmnk"/>
    <property name="user.timezone" value="Europe/Kiev"/>
    <property name="java.awt.printerjob" value="sun.print.PSPrinterJob"/>
    <property name="file.encoding" value="UTF-8"/>
    <property name="java.specification.version" value="1.8"/>
    <property name="user.name" value="rmnk"/>
    <property name="java.class.path" value="/home/rmnk/Downloads/idea-IU-191.7479.19/plugins/maven/lib/maven3/boot/plexus-classworlds-2.5.2.jar:/home/rmnk/Downloads/idea-IU-191.7479.19/lib/idea_rt.jar"/>
    <property name="java.vm.specification.version" value="1.8"/>
    <property name="sun.arch.data.model" value="64"/>
    <property name="java.home" value="/usr/lib/jvm/java-8-openjdk-amd64/jre"/>
    <property name="sun.java.command" value="org.codehaus.classworlds.Launcher -Didea.version2019.1.3 clean install"/>
    <property name="java.specification.vendor" value="Oracle Corporation"/>
    <property name="user.language" value="en"/>
    <property name="awt.toolkit" value="sun.awt.X11.XToolkit"/>
    <property name="idea.version2019.1.3" value="true"/>
    <property name="java.vm.info" value="mixed mode"/>
    <property name="java.version" value="1.8.0_212"/>
    <property name="java.ext.dirs" value="/usr/lib/jvm/java-8-openjdk-amd64/jre/lib/ext:/usr/java/packages/lib/ext"/>
    <property name="securerandom.source" value="file:/dev/./urandom"/>
    <property name="sun.boot.class.path" value="/usr/lib/jvm/java-8-openjdk-amd64/jre/lib/resources.jar:/usr/lib/jvm/java-8-openjdk-amd64/jre/lib/rt.jar:/usr/lib/jvm/java-8-openjdk-amd64/jre/lib/sunrsasign.jar:/usr/lib/jvm/java-8-openjdk-amd64/jre/lib/jsse.jar:/usr/lib/jvm/java-8-openjdk-amd64/jre/lib/jce.jar:/usr/lib/jvm/java-8-openjdk-amd64/jre/lib/charsets.jar:/usr/lib/jvm/java-8-openjdk-amd64/jre/lib/jfr.jar:/usr/lib/jvm/java-8-openjdk-amd64/jre/classes"/>
    <property name="java.vendor" value="Oracle Corporation"/>
    <property name="maven.home" value="/home/rmnk/Downloads/idea-IU-191.7479.19/plugins/maven/lib/maven3"/>
    <property name="file.separator" value="/"/>
    <property name="java.vendor.url.bug" value="http://bugreport.sun.com/bugreport/"/>
    <property name="sun.cpu.endian" value="little"/>
    <property name="sun.io.unicode.encoding" value="UnicodeLittle"/>
    <property name="sun.desktop" value="gnome"/>
    <property name="sun.cpu.isalist" value=""/>
  </properties>
  <testcase classname="com.softserveinc.edu.oms.persistence.dao.UserDaoTest" name="testFindByLastNameDoesNotContain" time="7.141"/>
  <testcase classname="com.softserveinc.edu.oms.persistence.dao.UserDaoTest" name="testFindByAllEqual" time="0.297"/>
  <testcase classname="com.softserveinc.edu.oms.persistence.dao.UserDaoTest" name="testFindByAllNotEqual" time="0.257"/>
  <testcase classname="com.softserveinc.edu.oms.persistence.dao.UserDaoTest" name="testFindByAllStartsWith" time="0.24"/>
  <testcase classname="com.softserveinc.edu.oms.persistence.dao.UserDaoTest" name="testFindByAllContains" time="0.241"/>
  <testcase classname="com.softserveinc.edu.oms.persistence.dao.UserDaoTest" name="testFindByAllDoesNotContain" time="0.191"/>
  <testcase classname="com.softserveinc.edu.oms.persistence.dao.UserDaoTest" name="testCountUserBySearchValue" time="0.199"/>
  <testcase classname="com.softserveinc.edu.oms.persistence.dao.UserDaoTest" name="testGetRowCount" time="0.11"/>
  <testcase classname="com.softserveinc.edu.oms.persistence.dao.UserDaoTest" name="testFindAllFromEmptyDb" time="0.115"/>
  <testcase classname="com.softserveinc.edu.oms.persistence.dao.UserDaoTest" name="testFindAllFromEmptyDbVol2" time="0.125"/>
  <testcase classname="com.softserveinc.edu.oms.persistence.dao.UserDaoTest" name="testInsertIntoEmptyDbAndFindAllAfterThat" time="0.257"/>
  <testcase classname="com.softserveinc.edu.oms.persistence.dao.UserDaoTest" name="testFindAllFromWithPaging" time="0.424"/>
  <testcase classname="com.softserveinc.edu.oms.persistence.dao.UserDaoTest" name="testUpdateUser" time="0.232"/>
  <testcase classname="com.softserveinc.edu.oms.persistence.dao.UserDaoTest" name="testDeleteUser" time="0.253"/>
  <testcase classname="com.softserveinc.edu.oms.persistence.dao.UserDaoTest" name="testFindByRoleNameEqualName" time="0.27"/>
  <testcase classname="com.softserveinc.edu.oms.persistence.dao.UserDaoTest" name="testFindByRoleNameNotEqualName" time="0.251"/>
  <testcase classname="com.softserveinc.edu.oms.persistence.dao.UserDaoTest" name="testFindByRoleNameStartsWith" time="0.19"/>
  <testcase classname="com.softserveinc.edu.oms.persistence.dao.UserDaoTest" name="testFindByRoleNameDoesNotContain" time="0.209"/>
  <testcase classname="com.softserveinc.edu.oms.persistence.dao.UserDaoTest" name="testFindByRoleNameContains" time="0.213"/>
  <testcase classname="com.softserveinc.edu.oms.persistence.dao.UserDaoTest" name="testFindByLoginEqual" time="0.161"/>
  <testcase classname="com.softserveinc.edu.oms.persistence.dao.UserDaoTest" name="testFindByLoginNotEqual" time="0.205"/>
  <testcase classname="com.softserveinc.edu.oms.persistence.dao.UserDaoTest" name="testFindByLoginStartsWith" time="0.2"/>
  <testcase classname="com.softserveinc.edu.oms.persistence.dao.UserDaoTest" name="testFindByLoginContains" time="0.166"/>
  <testcase classname="com.softserveinc.edu.oms.persistence.dao.UserDaoTest" name="testFindByLoginDoesNotContain" time="0.163"/>
  <testcase classname="com.softserveinc.edu.oms.persistence.dao.UserDaoTest" name="testFindByFirstNameEqual" time="0.133"/>
  <testcase classname="com.softserveinc.edu.oms.persistence.dao.UserDaoTest" name="testFindByFirstNameNotEqual" time="0.15"/>
  <testcase classname="com.softserveinc.edu.oms.persistence.dao.UserDaoTest" name="testFindByFirstNameStartsWith" time="0.173"/>
  <testcase classname="com.softserveinc.edu.oms.persistence.dao.UserDaoTest" name="testFindByFirstNameContains" time="0.225"/>
  <testcase classname="com.softserveinc.edu.oms.persistence.dao.UserDaoTest" name="testFindByFirstNameDoesNotContain" time="0.176"/>
  <testcase classname="com.softserveinc.edu.oms.persistence.dao.UserDaoTest" name="testFindByLastNameEqual" time="0.149"/>
  <testcase classname="com.softserveinc.edu.oms.persistence.dao.UserDaoTest" name="testFindByLastNameNotEqual" time="0.174"/>
  <testcase classname="com.softserveinc.edu.oms.persistence.dao.UserDaoTest" name="testFindByLastNameStartsWith" time="0.19"/>
  <testcase classname="com.softserveinc.edu.oms.persistence.dao.UserDaoTest" name="testFindByLastNameContains" time="0.175"/>
  <testcase classname="com.softserveinc.edu.oms.persistence.dao.UserDaoTest" name="testFindById" time="0.165"/>
  <testcase classname="com.softserveinc.edu.oms.persistence.dao.UserDaoTest" name="testContextFile" time="0.1"/>
</testsuite>